

Started GET "/" for 127.0.0.1 at 2014-10-18 21:37:49 -0500
Processing by Rails::WelcomeController#index as HTML
  Rendered /usr/lib/ruby/gems/1.9.1/gems/railties-4.1.6/lib/rails/templates/rails/welcome/index.html.erb (3.3ms)
Completed 200 OK in 61ms (Views: 45.6ms | ActiveRecord: 0.0ms)


Started GET "/" for 127.0.0.1 at 2014-10-18 21:39:08 -0500
Processing by Rails::WelcomeController#index as HTML
  Rendered /usr/lib/ruby/gems/1.9.1/gems/railties-4.1.6/lib/rails/templates/rails/welcome/index.html.erb (0.1ms)
Completed 200 OK in 8ms (Views: 7.7ms | ActiveRecord: 0.0ms)


Started GET "/" for 127.0.0.1 at 2014-10-18 21:39:31 -0500
Processing by WelcomeController#index as HTML
  Rendered welcome/index.html.erb within layouts/application (0.4ms)
Completed 200 OK in 540ms (Views: 539.5ms | ActiveRecord: 0.0ms)


Started GET "/assets/welcome.css?body=1" for 127.0.0.1 at 2014-10-18 21:39:32 -0500


Started GET "/assets/application.css?body=1" for 127.0.0.1 at 2014-10-18 21:39:32 -0500


Started GET "/assets/turbolinks.js?body=1" for 127.0.0.1 at 2014-10-18 21:39:32 -0500


Started GET "/assets/jquery_ujs.js?body=1" for 127.0.0.1 at 2014-10-18 21:39:32 -0500


Started GET "/assets/jquery.js?body=1" for 127.0.0.1 at 2014-10-18 21:39:32 -0500


Started GET "/assets/welcome.js?body=1" for 127.0.0.1 at 2014-10-18 21:39:32 -0500


Started GET "/assets/application.js?body=1" for 127.0.0.1 at 2014-10-18 21:39:32 -0500


Started GET "/articles/new" for 127.0.0.1 at 2014-10-18 21:40:14 -0500

ActionController::RoutingError (uninitialized constant ArticlesController):
  activesupport (4.1.6) lib/active_support/inflector/methods.rb:238:in `const_get'
  activesupport (4.1.6) lib/active_support/inflector/methods.rb:238:in `block in constantize'
  activesupport (4.1.6) lib/active_support/inflector/methods.rb:236:in `each'
  activesupport (4.1.6) lib/active_support/inflector/methods.rb:236:in `inject'
  activesupport (4.1.6) lib/active_support/inflector/methods.rb:236:in `constantize'
  actionpack (4.1.6) lib/action_dispatch/routing/route_set.rb:78:in `controller_reference'
  actionpack (4.1.6) lib/action_dispatch/routing/route_set.rb:68:in `controller'
  actionpack (4.1.6) lib/action_dispatch/routing/route_set.rb:46:in `call'
  actionpack (4.1.6) lib/action_dispatch/journey/router.rb:73:in `block in call'
  actionpack (4.1.6) lib/action_dispatch/journey/router.rb:59:in `each'
  actionpack (4.1.6) lib/action_dispatch/journey/router.rb:59:in `call'
  actionpack (4.1.6) lib/action_dispatch/routing/route_set.rb:678:in `call'
  rack (1.5.2) lib/rack/etag.rb:23:in `call'
  rack (1.5.2) lib/rack/conditionalget.rb:25:in `call'
  rack (1.5.2) lib/rack/head.rb:11:in `call'
  actionpack (4.1.6) lib/action_dispatch/middleware/params_parser.rb:27:in `call'
  actionpack (4.1.6) lib/action_dispatch/middleware/flash.rb:254:in `call'
  rack (1.5.2) lib/rack/session/abstract/id.rb:225:in `context'
  rack (1.5.2) lib/rack/session/abstract/id.rb:220:in `call'
  actionpack (4.1.6) lib/action_dispatch/middleware/cookies.rb:560:in `call'
  activerecord (4.1.6) lib/active_record/query_cache.rb:36:in `call'
  activerecord (4.1.6) lib/active_record/connection_adapters/abstract/connection_pool.rb:621:in `call'
  activerecord (4.1.6) lib/active_record/migration.rb:380:in `call'
  actionpack (4.1.6) lib/action_dispatch/middleware/callbacks.rb:29:in `block in call'
  activesupport (4.1.6) lib/active_support/callbacks.rb:82:in `run_callbacks'
  actionpack (4.1.6) lib/action_dispatch/middleware/callbacks.rb:27:in `call'
  actionpack (4.1.6) lib/action_dispatch/middleware/reloader.rb:73:in `call'
  actionpack (4.1.6) lib/action_dispatch/middleware/remote_ip.rb:76:in `call'
  actionpack (4.1.6) lib/action_dispatch/middleware/debug_exceptions.rb:17:in `call'
  actionpack (4.1.6) lib/action_dispatch/middleware/show_exceptions.rb:30:in `call'
  railties (4.1.6) lib/rails/rack/logger.rb:38:in `call_app'
  railties (4.1.6) lib/rails/rack/logger.rb:20:in `block in call'
  activesupport (4.1.6) lib/active_support/tagged_logging.rb:68:in `block in tagged'
  activesupport (4.1.6) lib/active_support/tagged_logging.rb:26:in `tagged'
  activesupport (4.1.6) lib/active_support/tagged_logging.rb:68:in `tagged'
  railties (4.1.6) lib/rails/rack/logger.rb:20:in `call'
  actionpack (4.1.6) lib/action_dispatch/middleware/request_id.rb:21:in `call'
  rack (1.5.2) lib/rack/methodoverride.rb:21:in `call'
  rack (1.5.2) lib/rack/runtime.rb:17:in `call'
  activesupport (4.1.6) lib/active_support/cache/strategy/local_cache_middleware.rb:26:in `call'
  rack (1.5.2) lib/rack/lock.rb:17:in `call'
  actionpack (4.1.6) lib/action_dispatch/middleware/static.rb:64:in `call'
  rack (1.5.2) lib/rack/sendfile.rb:112:in `call'
  railties (4.1.6) lib/rails/engine.rb:514:in `call'
  railties (4.1.6) lib/rails/application.rb:144:in `call'
  rack (1.5.2) lib/rack/lock.rb:17:in `call'
  rack (1.5.2) lib/rack/content_length.rb:14:in `call'
  rack (1.5.2) lib/rack/handler/webrick.rb:60:in `service'
  /usr/lib/ruby/1.9.1/webrick/httpserver.rb:138:in `service'
  /usr/lib/ruby/1.9.1/webrick/httpserver.rb:94:in `run'
  /usr/lib/ruby/1.9.1/webrick/server.rb:191:in `block in start_thread'


  Rendered /usr/lib/ruby/gems/1.9.1/gems/actionpack-4.1.6/lib/action_dispatch/middleware/templates/rescues/_trace.html.erb (1.3ms)
  Rendered /usr/lib/ruby/gems/1.9.1/gems/actionpack-4.1.6/lib/action_dispatch/middleware/templates/routes/_route.html.erb (1.9ms)
  Rendered /usr/lib/ruby/gems/1.9.1/gems/actionpack-4.1.6/lib/action_dispatch/middleware/templates/routes/_table.html.erb (14.0ms)
  Rendered /usr/lib/ruby/gems/1.9.1/gems/actionpack-4.1.6/lib/action_dispatch/middleware/templates/rescues/routing_error.html.erb within rescues/layout (84.5ms)


Started GET "/articles/new" for 127.0.0.1 at 2014-10-18 21:40:51 -0500

AbstractController::ActionNotFound (The action 'new' could not be found for ArticlesController):
  actionpack (4.1.6) lib/abstract_controller/base.rb:131:in `process'
  actionview (4.1.6) lib/action_view/rendering.rb:30:in `process'
  actionpack (4.1.6) lib/action_controller/metal.rb:196:in `dispatch'
  actionpack (4.1.6) lib/action_controller/metal/rack_delegation.rb:13:in `dispatch'
  actionpack (4.1.6) lib/action_controller/metal.rb:232:in `block in action'
  actionpack (4.1.6) lib/action_dispatch/routing/route_set.rb:82:in `call'
  actionpack (4.1.6) lib/action_dispatch/routing/route_set.rb:82:in `dispatch'
  actionpack (4.1.6) lib/action_dispatch/routing/route_set.rb:50:in `call'
  actionpack (4.1.6) lib/action_dispatch/journey/router.rb:73:in `block in call'
  actionpack (4.1.6) lib/action_dispatch/journey/router.rb:59:in `each'
  actionpack (4.1.6) lib/action_dispatch/journey/router.rb:59:in `call'
  actionpack (4.1.6) lib/action_dispatch/routing/route_set.rb:678:in `call'
  rack (1.5.2) lib/rack/etag.rb:23:in `call'
  rack (1.5.2) lib/rack/conditionalget.rb:25:in `call'
  rack (1.5.2) lib/rack/head.rb:11:in `call'
  actionpack (4.1.6) lib/action_dispatch/middleware/params_parser.rb:27:in `call'
  actionpack (4.1.6) lib/action_dispatch/middleware/flash.rb:254:in `call'
  rack (1.5.2) lib/rack/session/abstract/id.rb:225:in `context'
  rack (1.5.2) lib/rack/session/abstract/id.rb:220:in `call'
  actionpack (4.1.6) lib/action_dispatch/middleware/cookies.rb:560:in `call'
  activerecord (4.1.6) lib/active_record/query_cache.rb:36:in `call'
  activerecord (4.1.6) lib/active_record/connection_adapters/abstract/connection_pool.rb:621:in `call'
  activerecord (4.1.6) lib/active_record/migration.rb:380:in `call'
  actionpack (4.1.6) lib/action_dispatch/middleware/callbacks.rb:29:in `block in call'
  activesupport (4.1.6) lib/active_support/callbacks.rb:82:in `run_callbacks'
  actionpack (4.1.6) lib/action_dispatch/middleware/callbacks.rb:27:in `call'
  actionpack (4.1.6) lib/action_dispatch/middleware/reloader.rb:73:in `call'
  actionpack (4.1.6) lib/action_dispatch/middleware/remote_ip.rb:76:in `call'
  actionpack (4.1.6) lib/action_dispatch/middleware/debug_exceptions.rb:17:in `call'
  actionpack (4.1.6) lib/action_dispatch/middleware/show_exceptions.rb:30:in `call'
  railties (4.1.6) lib/rails/rack/logger.rb:38:in `call_app'
  railties (4.1.6) lib/rails/rack/logger.rb:20:in `block in call'
  activesupport (4.1.6) lib/active_support/tagged_logging.rb:68:in `block in tagged'
  activesupport (4.1.6) lib/active_support/tagged_logging.rb:26:in `tagged'
  activesupport (4.1.6) lib/active_support/tagged_logging.rb:68:in `tagged'
  railties (4.1.6) lib/rails/rack/logger.rb:20:in `call'
  actionpack (4.1.6) lib/action_dispatch/middleware/request_id.rb:21:in `call'
  rack (1.5.2) lib/rack/methodoverride.rb:21:in `call'
  rack (1.5.2) lib/rack/runtime.rb:17:in `call'
  activesupport (4.1.6) lib/active_support/cache/strategy/local_cache_middleware.rb:26:in `call'
  rack (1.5.2) lib/rack/lock.rb:17:in `call'
  actionpack (4.1.6) lib/action_dispatch/middleware/static.rb:64:in `call'
  rack (1.5.2) lib/rack/sendfile.rb:112:in `call'
  railties (4.1.6) lib/rails/engine.rb:514:in `call'
  railties (4.1.6) lib/rails/application.rb:144:in `call'
  rack (1.5.2) lib/rack/lock.rb:17:in `call'
  rack (1.5.2) lib/rack/content_length.rb:14:in `call'
  rack (1.5.2) lib/rack/handler/webrick.rb:60:in `service'
  /usr/lib/ruby/1.9.1/webrick/httpserver.rb:138:in `service'
  /usr/lib/ruby/1.9.1/webrick/httpserver.rb:94:in `run'
  /usr/lib/ruby/1.9.1/webrick/server.rb:191:in `block in start_thread'


  Rendered /usr/lib/ruby/gems/1.9.1/gems/actionpack-4.1.6/lib/action_dispatch/middleware/templates/rescues/unknown_action.html.erb within rescues/layout (0.5ms)


Started GET "/articles/new" for 127.0.0.1 at 2014-10-18 21:41:01 -0500
Processing by ArticlesController#new as HTML
Completed 500 Internal Server Error in 2ms

ActionView::MissingTemplate (Missing template articles/new, application/new with {:locale=>[:en], :formats=>[:html], :variants=>[], :handlers=>[:erb, :builder, :raw, :ruby, :coffee, :jbuilder]}. Searched in:
  * "/home/eraser/website/doug/app/views"
):
  actionview (4.1.6) lib/action_view/path_set.rb:46:in `find'
  actionview (4.1.6) lib/action_view/lookup_context.rb:124:in `find'
  actionview (4.1.6) lib/action_view/renderer/abstract_renderer.rb:18:in `find_template'
  actionview (4.1.6) lib/action_view/renderer/template_renderer.rb:41:in `determine_template'
  actionview (4.1.6) lib/action_view/renderer/template_renderer.rb:8:in `render'
  actionview (4.1.6) lib/action_view/renderer/renderer.rb:42:in `render_template'
  actionview (4.1.6) lib/action_view/renderer/renderer.rb:23:in `render'
  actionview (4.1.6) lib/action_view/rendering.rb:99:in `_render_template'
  actionpack (4.1.6) lib/action_controller/metal/streaming.rb:217:in `_render_template'
  actionview (4.1.6) lib/action_view/rendering.rb:82:in `render_to_body'
  actionpack (4.1.6) lib/action_controller/metal/rendering.rb:32:in `render_to_body'
  actionpack (4.1.6) lib/action_controller/metal/renderers.rb:32:in `render_to_body'
  actionpack (4.1.6) lib/abstract_controller/rendering.rb:25:in `render'
  actionpack (4.1.6) lib/action_controller/metal/rendering.rb:16:in `render'
  actionpack (4.1.6) lib/action_controller/metal/instrumentation.rb:41:in `block (2 levels) in render'
  activesupport (4.1.6) lib/active_support/core_ext/benchmark.rb:12:in `block in ms'
  /usr/lib/ruby/1.9.1/benchmark.rb:295:in `realtime'
  activesupport (4.1.6) lib/active_support/core_ext/benchmark.rb:12:in `ms'
  actionpack (4.1.6) lib/action_controller/metal/instrumentation.rb:41:in `block in render'
  actionpack (4.1.6) lib/action_controller/metal/instrumentation.rb:84:in `cleanup_view_runtime'
  activerecord (4.1.6) lib/active_record/railties/controller_runtime.rb:25:in `cleanup_view_runtime'
  actionpack (4.1.6) lib/action_controller/metal/instrumentation.rb:40:in `render'
  actionpack (4.1.6) lib/action_controller/metal/implicit_render.rb:10:in `default_render'
  actionpack (4.1.6) lib/action_controller/metal/implicit_render.rb:5:in `send_action'
  actionpack (4.1.6) lib/abstract_controller/base.rb:189:in `process_action'
  actionpack (4.1.6) lib/action_controller/metal/rendering.rb:10:in `process_action'
  actionpack (4.1.6) lib/abstract_controller/callbacks.rb:20:in `block in process_action'
  activesupport (4.1.6) lib/active_support/callbacks.rb:113:in `call'
  activesupport (4.1.6) lib/active_support/callbacks.rb:113:in `call'
  activesupport (4.1.6) lib/active_support/callbacks.rb:229:in `block in halting'
  activesupport (4.1.6) lib/active_support/callbacks.rb:229:in `call'
  activesupport (4.1.6) lib/active_support/callbacks.rb:229:in `block in halting'
  activesupport (4.1.6) lib/active_support/callbacks.rb:166:in `call'
  activesupport (4.1.6) lib/active_support/callbacks.rb:166:in `block in halting'
  activesupport (4.1.6) lib/active_support/callbacks.rb:166:in `call'
  activesupport (4.1.6) lib/active_support/callbacks.rb:166:in `block in halting'
  activesupport (4.1.6) lib/active_support/callbacks.rb:166:in `call'
  activesupport (4.1.6) lib/active_support/callbacks.rb:166:in `block in halting'
  activesupport (4.1.6) lib/active_support/callbacks.rb:86:in `call'
  activesupport (4.1.6) lib/active_support/callbacks.rb:86:in `run_callbacks'
  actionpack (4.1.6) lib/abstract_controller/callbacks.rb:19:in `process_action'
  actionpack (4.1.6) lib/action_controller/metal/rescue.rb:29:in `process_action'
  actionpack (4.1.6) lib/action_controller/metal/instrumentation.rb:31:in `block in process_action'
  activesupport (4.1.6) lib/active_support/notifications.rb:159:in `block in instrument'
  activesupport (4.1.6) lib/active_support/notifications/instrumenter.rb:20:in `instrument'
  activesupport (4.1.6) lib/active_support/notifications.rb:159:in `instrument'
  actionpack (4.1.6) lib/action_controller/metal/instrumentation.rb:30:in `process_action'
  actionpack (4.1.6) lib/action_controller/metal/params_wrapper.rb:250:in `process_action'
  activerecord (4.1.6) lib/active_record/railties/controller_runtime.rb:18:in `process_action'
  actionpack (4.1.6) lib/abstract_controller/base.rb:136:in `process'
  actionview (4.1.6) lib/action_view/rendering.rb:30:in `process'
  actionpack (4.1.6) lib/action_controller/metal.rb:196:in `dispatch'
  actionpack (4.1.6) lib/action_controller/metal/rack_delegation.rb:13:in `dispatch'
  actionpack (4.1.6) lib/action_controller/metal.rb:232:in `block in action'
  actionpack (4.1.6) lib/action_dispatch/routing/route_set.rb:82:in `call'
  actionpack (4.1.6) lib/action_dispatch/routing/route_set.rb:82:in `dispatch'
  actionpack (4.1.6) lib/action_dispatch/routing/route_set.rb:50:in `call'
  actionpack (4.1.6) lib/action_dispatch/journey/router.rb:73:in `block in call'
  actionpack (4.1.6) lib/action_dispatch/journey/router.rb:59:in `each'
  actionpack (4.1.6) lib/action_dispatch/journey/router.rb:59:in `call'
  actionpack (4.1.6) lib/action_dispatch/routing/route_set.rb:678:in `call'
  rack (1.5.2) lib/rack/etag.rb:23:in `call'
  rack (1.5.2) lib/rack/conditionalget.rb:25:in `call'
  rack (1.5.2) lib/rack/head.rb:11:in `call'
  actionpack (4.1.6) lib/action_dispatch/middleware/params_parser.rb:27:in `call'
  actionpack (4.1.6) lib/action_dispatch/middleware/flash.rb:254:in `call'
  rack (1.5.2) lib/rack/session/abstract/id.rb:225:in `context'
  rack (1.5.2) lib/rack/session/abstract/id.rb:220:in `call'
  actionpack (4.1.6) lib/action_dispatch/middleware/cookies.rb:560:in `call'
  activerecord (4.1.6) lib/active_record/query_cache.rb:36:in `call'
  activerecord (4.1.6) lib/active_record/connection_adapters/abstract/connection_pool.rb:621:in `call'
  activerecord (4.1.6) lib/active_record/migration.rb:380:in `call'
  actionpack (4.1.6) lib/action_dispatch/middleware/callbacks.rb:29:in `block in call'
  activesupport (4.1.6) lib/active_support/callbacks.rb:82:in `run_callbacks'
  actionpack (4.1.6) lib/action_dispatch/middleware/callbacks.rb:27:in `call'
  actionpack (4.1.6) lib/action_dispatch/middleware/reloader.rb:73:in `call'
  actionpack (4.1.6) lib/action_dispatch/middleware/remote_ip.rb:76:in `call'
  actionpack (4.1.6) lib/action_dispatch/middleware/debug_exceptions.rb:17:in `call'
  actionpack (4.1.6) lib/action_dispatch/middleware/show_exceptions.rb:30:in `call'
  railties (4.1.6) lib/rails/rack/logger.rb:38:in `call_app'
  railties (4.1.6) lib/rails/rack/logger.rb:20:in `block in call'
  activesupport (4.1.6) lib/active_support/tagged_logging.rb:68:in `block in tagged'
  activesupport (4.1.6) lib/active_support/tagged_logging.rb:26:in `tagged'
  activesupport (4.1.6) lib/active_support/tagged_logging.rb:68:in `tagged'
  railties (4.1.6) lib/rails/rack/logger.rb:20:in `call'
  actionpack (4.1.6) lib/action_dispatch/middleware/request_id.rb:21:in `call'
  rack (1.5.2) lib/rack/methodoverride.rb:21:in `call'
  rack (1.5.2) lib/rack/runtime.rb:17:in `call'
  activesupport (4.1.6) lib/active_support/cache/strategy/local_cache_middleware.rb:26:in `call'
  rack (1.5.2) lib/rack/lock.rb:17:in `call'
  actionpack (4.1.6) lib/action_dispatch/middleware/static.rb:64:in `call'
  rack (1.5.2) lib/rack/sendfile.rb:112:in `call'
  railties (4.1.6) lib/rails/engine.rb:514:in `call'
  railties (4.1.6) lib/rails/application.rb:144:in `call'
  rack (1.5.2) lib/rack/lock.rb:17:in `call'
  rack (1.5.2) lib/rack/content_length.rb:14:in `call'
  rack (1.5.2) lib/rack/handler/webrick.rb:60:in `service'
  /usr/lib/ruby/1.9.1/webrick/httpserver.rb:138:in `service'
  /usr/lib/ruby/1.9.1/webrick/httpserver.rb:94:in `run'
  /usr/lib/ruby/1.9.1/webrick/server.rb:191:in `block in start_thread'


  Rendered /usr/lib/ruby/gems/1.9.1/gems/actionpack-4.1.6/lib/action_dispatch/middleware/templates/rescues/missing_template.html.erb within rescues/layout (0.5ms)


Started GET "/articles/new" for 127.0.0.1 at 2014-10-18 21:41:42 -0500
Processing by ArticlesController#new as HTML
  Rendered articles/new.html.erb within layouts/application (0.3ms)
Completed 200 OK in 178ms (Views: 177.5ms | ActiveRecord: 0.0ms)


Started GET "/assets/articles.css?body=1" for 127.0.0.1 at 2014-10-18 21:41:42 -0500


Started GET "/assets/welcome.css?body=1" for 127.0.0.1 at 2014-10-18 21:41:42 -0500


Started GET "/assets/jquery_ujs.js?body=1" for 127.0.0.1 at 2014-10-18 21:41:42 -0500


Started GET "/assets/jquery.js?body=1" for 127.0.0.1 at 2014-10-18 21:41:42 -0500


Started GET "/assets/application.css?body=1" for 127.0.0.1 at 2014-10-18 21:41:42 -0500


Started GET "/assets/turbolinks.js?body=1" for 127.0.0.1 at 2014-10-18 21:41:42 -0500


Started GET "/assets/articles.js?body=1" for 127.0.0.1 at 2014-10-18 21:41:42 -0500


Started GET "/assets/welcome.js?body=1" for 127.0.0.1 at 2014-10-18 21:41:42 -0500


Started GET "/assets/application.js?body=1" for 127.0.0.1 at 2014-10-18 21:41:42 -0500


Started GET "/articles/new" for 127.0.0.1 at 2014-10-18 21:43:43 -0500
Processing by ArticlesController#new as HTML
  Rendered articles/new.html.erb within layouts/application (0.7ms)
Completed 500 Internal Server Error in 10ms

SyntaxError (/home/eraser/website/doug/app/views/articles/new.html.erb:3: syntax error, unexpected tSYMBEG, expecting keyword_do or '{' or '('
...pend=  form_for :article, url :articles_path do |f| @output_...
...                               ^
/home/eraser/website/doug/app/views/articles/new.html.erb:20: syntax error, unexpected keyword_ensure, expecting $end):
  app/views/articles/new.html.erb:3: syntax error, unexpected tSYMBEG, expecting keyword_do or '{' or '('
  app/views/articles/new.html.erb:20: syntax error, unexpected keyword_ensure, expecting $end


  Rendered /usr/lib/ruby/gems/1.9.1/gems/actionpack-4.1.6/lib/action_dispatch/middleware/templates/rescues/_source.erb (0.7ms)
  Rendered /usr/lib/ruby/gems/1.9.1/gems/actionpack-4.1.6/lib/action_dispatch/middleware/templates/rescues/_trace.html.erb (5.5ms)
  Rendered /usr/lib/ruby/gems/1.9.1/gems/actionpack-4.1.6/lib/action_dispatch/middleware/templates/rescues/_request_and_response.html.erb (9.9ms)
  Rendered /usr/lib/ruby/gems/1.9.1/gems/actionpack-4.1.6/lib/action_dispatch/middleware/templates/rescues/diagnostics.erb within rescues/layout (45.5ms)


Started GET "/articles/new" for 127.0.0.1 at 2014-10-18 21:43:55 -0500
Processing by ArticlesController#new as HTML
  Rendered articles/new.html.erb within layouts/application (22.3ms)
Completed 200 OK in 124ms (Views: 123.7ms | ActiveRecord: 0.0ms)


Started GET "/assets/articles.css?body=1" for 127.0.0.1 at 2014-10-18 21:43:55 -0500


Started GET "/assets/welcome.css?body=1" for 127.0.0.1 at 2014-10-18 21:43:55 -0500


Started GET "/assets/application.css?body=1" for 127.0.0.1 at 2014-10-18 21:43:55 -0500


Started GET "/assets/jquery_ujs.js?body=1" for 127.0.0.1 at 2014-10-18 21:43:55 -0500


Started GET "/assets/jquery.js?body=1" for 127.0.0.1 at 2014-10-18 21:43:55 -0500


Started GET "/assets/articles.js?body=1" for 127.0.0.1 at 2014-10-18 21:43:55 -0500


Started GET "/assets/turbolinks.js?body=1" for 127.0.0.1 at 2014-10-18 21:43:55 -0500


Started GET "/assets/welcome.js?body=1" for 127.0.0.1 at 2014-10-18 21:43:55 -0500


Started GET "/assets/application.js?body=1" for 127.0.0.1 at 2014-10-18 21:43:55 -0500


Started POST "/articles/new" for 127.0.0.1 at 2014-10-18 21:43:58 -0500

ActionController::RoutingError (No route matches [POST] "/articles/new"):
  actionpack (4.1.6) lib/action_dispatch/middleware/debug_exceptions.rb:21:in `call'
  actionpack (4.1.6) lib/action_dispatch/middleware/show_exceptions.rb:30:in `call'
  railties (4.1.6) lib/rails/rack/logger.rb:38:in `call_app'
  railties (4.1.6) lib/rails/rack/logger.rb:20:in `block in call'
  activesupport (4.1.6) lib/active_support/tagged_logging.rb:68:in `block in tagged'
  activesupport (4.1.6) lib/active_support/tagged_logging.rb:26:in `tagged'
  activesupport (4.1.6) lib/active_support/tagged_logging.rb:68:in `tagged'
  railties (4.1.6) lib/rails/rack/logger.rb:20:in `call'
  actionpack (4.1.6) lib/action_dispatch/middleware/request_id.rb:21:in `call'
  rack (1.5.2) lib/rack/methodoverride.rb:21:in `call'
  rack (1.5.2) lib/rack/runtime.rb:17:in `call'
  activesupport (4.1.6) lib/active_support/cache/strategy/local_cache_middleware.rb:26:in `call'
  rack (1.5.2) lib/rack/lock.rb:17:in `call'
  actionpack (4.1.6) lib/action_dispatch/middleware/static.rb:64:in `call'
  rack (1.5.2) lib/rack/sendfile.rb:112:in `call'
  railties (4.1.6) lib/rails/engine.rb:514:in `call'
  railties (4.1.6) lib/rails/application.rb:144:in `call'
  rack (1.5.2) lib/rack/lock.rb:17:in `call'
  rack (1.5.2) lib/rack/content_length.rb:14:in `call'
  rack (1.5.2) lib/rack/handler/webrick.rb:60:in `service'
  /usr/lib/ruby/1.9.1/webrick/httpserver.rb:138:in `service'
  /usr/lib/ruby/1.9.1/webrick/httpserver.rb:94:in `run'
  /usr/lib/ruby/1.9.1/webrick/server.rb:191:in `block in start_thread'


  Rendered /usr/lib/ruby/gems/1.9.1/gems/actionpack-4.1.6/lib/action_dispatch/middleware/templates/rescues/_trace.html.erb (1.2ms)
  Rendered /usr/lib/ruby/gems/1.9.1/gems/actionpack-4.1.6/lib/action_dispatch/middleware/templates/routes/_route.html.erb (1.4ms)
  Rendered /usr/lib/ruby/gems/1.9.1/gems/actionpack-4.1.6/lib/action_dispatch/middleware/templates/routes/_table.html.erb (1.1ms)
  Rendered /usr/lib/ruby/gems/1.9.1/gems/actionpack-4.1.6/lib/action_dispatch/middleware/templates/rescues/routing_error.html.erb within rescues/layout (47.0ms)


Started GET "/articles/new" for 127.0.0.1 at 2014-10-18 21:44:25 -0500
Processing by ArticlesController#new as HTML
  Rendered articles/new.html.erb within layouts/application (5.2ms)
Completed 200 OK in 108ms (Views: 107.0ms | ActiveRecord: 0.0ms)


Started GET "/assets/articles.css?body=1" for 127.0.0.1 at 2014-10-18 21:44:25 -0500


Started GET "/assets/welcome.css?body=1" for 127.0.0.1 at 2014-10-18 21:44:25 -0500


Started GET "/assets/application.css?body=1" for 127.0.0.1 at 2014-10-18 21:44:25 -0500


Started GET "/assets/jquery.js?body=1" for 127.0.0.1 at 2014-10-18 21:44:25 -0500


Started GET "/assets/articles.js?body=1" for 127.0.0.1 at 2014-10-18 21:44:25 -0500


Started GET "/assets/turbolinks.js?body=1" for 127.0.0.1 at 2014-10-18 21:44:25 -0500


Started GET "/assets/jquery_ujs.js?body=1" for 127.0.0.1 at 2014-10-18 21:44:25 -0500


Started GET "/assets/application.js?body=1" for 127.0.0.1 at 2014-10-18 21:44:25 -0500


Started GET "/assets/welcome.js?body=1" for 127.0.0.1 at 2014-10-18 21:44:25 -0500


Started POST "/articles" for 127.0.0.1 at 2014-10-18 21:44:37 -0500

AbstractController::ActionNotFound (The action 'create' could not be found for ArticlesController):
  actionpack (4.1.6) lib/abstract_controller/base.rb:131:in `process'
  actionview (4.1.6) lib/action_view/rendering.rb:30:in `process'
  actionpack (4.1.6) lib/action_controller/metal.rb:196:in `dispatch'
  actionpack (4.1.6) lib/action_controller/metal/rack_delegation.rb:13:in `dispatch'
  actionpack (4.1.6) lib/action_controller/metal.rb:232:in `block in action'
  actionpack (4.1.6) lib/action_dispatch/routing/route_set.rb:82:in `call'
  actionpack (4.1.6) lib/action_dispatch/routing/route_set.rb:82:in `dispatch'
  actionpack (4.1.6) lib/action_dispatch/routing/route_set.rb:50:in `call'
  actionpack (4.1.6) lib/action_dispatch/journey/router.rb:73:in `block in call'
  actionpack (4.1.6) lib/action_dispatch/journey/router.rb:59:in `each'
  actionpack (4.1.6) lib/action_dispatch/journey/router.rb:59:in `call'
  actionpack (4.1.6) lib/action_dispatch/routing/route_set.rb:678:in `call'
  rack (1.5.2) lib/rack/etag.rb:23:in `call'
  rack (1.5.2) lib/rack/conditionalget.rb:35:in `call'
  rack (1.5.2) lib/rack/head.rb:11:in `call'
  actionpack (4.1.6) lib/action_dispatch/middleware/params_parser.rb:27:in `call'
  actionpack (4.1.6) lib/action_dispatch/middleware/flash.rb:254:in `call'
  rack (1.5.2) lib/rack/session/abstract/id.rb:225:in `context'
  rack (1.5.2) lib/rack/session/abstract/id.rb:220:in `call'
  actionpack (4.1.6) lib/action_dispatch/middleware/cookies.rb:560:in `call'
  activerecord (4.1.6) lib/active_record/query_cache.rb:36:in `call'
  activerecord (4.1.6) lib/active_record/connection_adapters/abstract/connection_pool.rb:621:in `call'
  activerecord (4.1.6) lib/active_record/migration.rb:380:in `call'
  actionpack (4.1.6) lib/action_dispatch/middleware/callbacks.rb:29:in `block in call'
  activesupport (4.1.6) lib/active_support/callbacks.rb:82:in `run_callbacks'
  actionpack (4.1.6) lib/action_dispatch/middleware/callbacks.rb:27:in `call'
  actionpack (4.1.6) lib/action_dispatch/middleware/reloader.rb:73:in `call'
  actionpack (4.1.6) lib/action_dispatch/middleware/remote_ip.rb:76:in `call'
  actionpack (4.1.6) lib/action_dispatch/middleware/debug_exceptions.rb:17:in `call'
  actionpack (4.1.6) lib/action_dispatch/middleware/show_exceptions.rb:30:in `call'
  railties (4.1.6) lib/rails/rack/logger.rb:38:in `call_app'
  railties (4.1.6) lib/rails/rack/logger.rb:20:in `block in call'
  activesupport (4.1.6) lib/active_support/tagged_logging.rb:68:in `block in tagged'
  activesupport (4.1.6) lib/active_support/tagged_logging.rb:26:in `tagged'
  activesupport (4.1.6) lib/active_support/tagged_logging.rb:68:in `tagged'
  railties (4.1.6) lib/rails/rack/logger.rb:20:in `call'
  actionpack (4.1.6) lib/action_dispatch/middleware/request_id.rb:21:in `call'
  rack (1.5.2) lib/rack/methodoverride.rb:21:in `call'
  rack (1.5.2) lib/rack/runtime.rb:17:in `call'
  activesupport (4.1.6) lib/active_support/cache/strategy/local_cache_middleware.rb:26:in `call'
  rack (1.5.2) lib/rack/lock.rb:17:in `call'
  actionpack (4.1.6) lib/action_dispatch/middleware/static.rb:64:in `call'
  rack (1.5.2) lib/rack/sendfile.rb:112:in `call'
  railties (4.1.6) lib/rails/engine.rb:514:in `call'
  railties (4.1.6) lib/rails/application.rb:144:in `call'
  rack (1.5.2) lib/rack/lock.rb:17:in `call'
  rack (1.5.2) lib/rack/content_length.rb:14:in `call'
  rack (1.5.2) lib/rack/handler/webrick.rb:60:in `service'
  /usr/lib/ruby/1.9.1/webrick/httpserver.rb:138:in `service'
  /usr/lib/ruby/1.9.1/webrick/httpserver.rb:94:in `run'
  /usr/lib/ruby/1.9.1/webrick/server.rb:191:in `block in start_thread'


  Rendered /usr/lib/ruby/gems/1.9.1/gems/actionpack-4.1.6/lib/action_dispatch/middleware/templates/rescues/unknown_action.html.erb within rescues/layout (0.4ms)


Started GET "/articles/new" for 127.0.0.1 at 2014-10-18 21:45:29 -0500
Processing by ArticlesController#new as HTML
  Rendered articles/new.html.erb within layouts/application (1.2ms)
Completed 200 OK in 96ms (Views: 95.7ms | ActiveRecord: 0.0ms)


Started GET "/assets/articles.css?body=1" for 127.0.0.1 at 2014-10-18 21:45:30 -0500


Started GET "/assets/welcome.css?body=1" for 127.0.0.1 at 2014-10-18 21:45:30 -0500


Started GET "/assets/application.css?body=1" for 127.0.0.1 at 2014-10-18 21:45:30 -0500


Started GET "/assets/jquery.js?body=1" for 127.0.0.1 at 2014-10-18 21:45:30 -0500


Started GET "/assets/articles.js?body=1" for 127.0.0.1 at 2014-10-18 21:45:30 -0500


Started GET "/assets/welcome.js?body=1" for 127.0.0.1 at 2014-10-18 21:45:30 -0500


Started GET "/assets/turbolinks.js?body=1" for 127.0.0.1 at 2014-10-18 21:45:30 -0500


Started GET "/assets/jquery_ujs.js?body=1" for 127.0.0.1 at 2014-10-18 21:45:30 -0500


Started GET "/assets/application.js?body=1" for 127.0.0.1 at 2014-10-18 21:45:30 -0500


Started POST "/articles" for 127.0.0.1 at 2014-10-18 21:45:31 -0500
Processing by ArticlesController#create as HTML
  Parameters: {"utf8"=>"✓", "authenticity_token"=>"UfSIsNY1dIEZ4N7WDAYUsgTJTsRZFsKEkBwox4QuFTU=", "article"=>{"title"=>"Bombs away", "text"=>"Candy Bomber"}, "commit"=>"Save Article"}
Completed 500 Internal Server Error in 7ms

ActionView::MissingTemplate (Missing template articles/create, application/create with {:locale=>[:en], :formats=>[:html], :variants=>[], :handlers=>[:erb, :builder, :raw, :ruby, :coffee, :jbuilder]}. Searched in:
  * "/home/eraser/website/doug/app/views"
):
  actionview (4.1.6) lib/action_view/path_set.rb:46:in `find'
  actionview (4.1.6) lib/action_view/lookup_context.rb:124:in `find'
  actionview (4.1.6) lib/action_view/renderer/abstract_renderer.rb:18:in `find_template'
  actionview (4.1.6) lib/action_view/renderer/template_renderer.rb:41:in `determine_template'
  actionview (4.1.6) lib/action_view/renderer/template_renderer.rb:8:in `render'
  actionview (4.1.6) lib/action_view/renderer/renderer.rb:42:in `render_template'
  actionview (4.1.6) lib/action_view/renderer/renderer.rb:23:in `render'
  actionview (4.1.6) lib/action_view/rendering.rb:99:in `_render_template'
  actionpack (4.1.6) lib/action_controller/metal/streaming.rb:217:in `_render_template'
  actionview (4.1.6) lib/action_view/rendering.rb:82:in `render_to_body'
  actionpack (4.1.6) lib/action_controller/metal/rendering.rb:32:in `render_to_body'
  actionpack (4.1.6) lib/action_controller/metal/renderers.rb:32:in `render_to_body'
  actionpack (4.1.6) lib/abstract_controller/rendering.rb:25:in `render'
  actionpack (4.1.6) lib/action_controller/metal/rendering.rb:16:in `render'
  actionpack (4.1.6) lib/action_controller/metal/instrumentation.rb:41:in `block (2 levels) in render'
  activesupport (4.1.6) lib/active_support/core_ext/benchmark.rb:12:in `block in ms'
  /usr/lib/ruby/1.9.1/benchmark.rb:295:in `realtime'
  activesupport (4.1.6) lib/active_support/core_ext/benchmark.rb:12:in `ms'
  actionpack (4.1.6) lib/action_controller/metal/instrumentation.rb:41:in `block in render'
  actionpack (4.1.6) lib/action_controller/metal/instrumentation.rb:84:in `cleanup_view_runtime'
  activerecord (4.1.6) lib/active_record/railties/controller_runtime.rb:25:in `cleanup_view_runtime'
  actionpack (4.1.6) lib/action_controller/metal/instrumentation.rb:40:in `render'
  actionpack (4.1.6) lib/action_controller/metal/implicit_render.rb:10:in `default_render'
  actionpack (4.1.6) lib/action_controller/metal/implicit_render.rb:5:in `send_action'
  actionpack (4.1.6) lib/abstract_controller/base.rb:189:in `process_action'
  actionpack (4.1.6) lib/action_controller/metal/rendering.rb:10:in `process_action'
  actionpack (4.1.6) lib/abstract_controller/callbacks.rb:20:in `block in process_action'
  activesupport (4.1.6) lib/active_support/callbacks.rb:113:in `call'
  activesupport (4.1.6) lib/active_support/callbacks.rb:113:in `call'
  activesupport (4.1.6) lib/active_support/callbacks.rb:229:in `block in halting'
  activesupport (4.1.6) lib/active_support/callbacks.rb:229:in `call'
  activesupport (4.1.6) lib/active_support/callbacks.rb:229:in `block in halting'
  activesupport (4.1.6) lib/active_support/callbacks.rb:166:in `call'
  activesupport (4.1.6) lib/active_support/callbacks.rb:166:in `block in halting'
  activesupport (4.1.6) lib/active_support/callbacks.rb:166:in `call'
  activesupport (4.1.6) lib/active_support/callbacks.rb:166:in `block in halting'
  activesupport (4.1.6) lib/active_support/callbacks.rb:166:in `call'
  activesupport (4.1.6) lib/active_support/callbacks.rb:166:in `block in halting'
  activesupport (4.1.6) lib/active_support/callbacks.rb:86:in `call'
  activesupport (4.1.6) lib/active_support/callbacks.rb:86:in `run_callbacks'
  actionpack (4.1.6) lib/abstract_controller/callbacks.rb:19:in `process_action'
  actionpack (4.1.6) lib/action_controller/metal/rescue.rb:29:in `process_action'
  actionpack (4.1.6) lib/action_controller/metal/instrumentation.rb:31:in `block in process_action'
  activesupport (4.1.6) lib/active_support/notifications.rb:159:in `block in instrument'
  activesupport (4.1.6) lib/active_support/notifications/instrumenter.rb:20:in `instrument'
  activesupport (4.1.6) lib/active_support/notifications.rb:159:in `instrument'
  actionpack (4.1.6) lib/action_controller/metal/instrumentation.rb:30:in `process_action'
  actionpack (4.1.6) lib/action_controller/metal/params_wrapper.rb:250:in `process_action'
  activerecord (4.1.6) lib/active_record/railties/controller_runtime.rb:18:in `process_action'
  actionpack (4.1.6) lib/abstract_controller/base.rb:136:in `process'
  actionview (4.1.6) lib/action_view/rendering.rb:30:in `process'
  actionpack (4.1.6) lib/action_controller/metal.rb:196:in `dispatch'
  actionpack (4.1.6) lib/action_controller/metal/rack_delegation.rb:13:in `dispatch'
  actionpack (4.1.6) lib/action_controller/metal.rb:232:in `block in action'
  actionpack (4.1.6) lib/action_dispatch/routing/route_set.rb:82:in `call'
  actionpack (4.1.6) lib/action_dispatch/routing/route_set.rb:82:in `dispatch'
  actionpack (4.1.6) lib/action_dispatch/routing/route_set.rb:50:in `call'
  actionpack (4.1.6) lib/action_dispatch/journey/router.rb:73:in `block in call'
  actionpack (4.1.6) lib/action_dispatch/journey/router.rb:59:in `each'
  actionpack (4.1.6) lib/action_dispatch/journey/router.rb:59:in `call'
  actionpack (4.1.6) lib/action_dispatch/routing/route_set.rb:678:in `call'
  rack (1.5.2) lib/rack/etag.rb:23:in `call'
  rack (1.5.2) lib/rack/conditionalget.rb:35:in `call'
  rack (1.5.2) lib/rack/head.rb:11:in `call'
  actionpack (4.1.6) lib/action_dispatch/middleware/params_parser.rb:27:in `call'
  actionpack (4.1.6) lib/action_dispatch/middleware/flash.rb:254:in `call'
  rack (1.5.2) lib/rack/session/abstract/id.rb:225:in `context'
  rack (1.5.2) lib/rack/session/abstract/id.rb:220:in `call'
  actionpack (4.1.6) lib/action_dispatch/middleware/cookies.rb:560:in `call'
  activerecord (4.1.6) lib/active_record/query_cache.rb:36:in `call'
  activerecord (4.1.6) lib/active_record/connection_adapters/abstract/connection_pool.rb:621:in `call'
  activerecord (4.1.6) lib/active_record/migration.rb:380:in `call'
  actionpack (4.1.6) lib/action_dispatch/middleware/callbacks.rb:29:in `block in call'
  activesupport (4.1.6) lib/active_support/callbacks.rb:82:in `run_callbacks'
  actionpack (4.1.6) lib/action_dispatch/middleware/callbacks.rb:27:in `call'
  actionpack (4.1.6) lib/action_dispatch/middleware/reloader.rb:73:in `call'
  actionpack (4.1.6) lib/action_dispatch/middleware/remote_ip.rb:76:in `call'
  actionpack (4.1.6) lib/action_dispatch/middleware/debug_exceptions.rb:17:in `call'
  actionpack (4.1.6) lib/action_dispatch/middleware/show_exceptions.rb:30:in `call'
  railties (4.1.6) lib/rails/rack/logger.rb:38:in `call_app'
  railties (4.1.6) lib/rails/rack/logger.rb:20:in `block in call'
  activesupport (4.1.6) lib/active_support/tagged_logging.rb:68:in `block in tagged'
  activesupport (4.1.6) lib/active_support/tagged_logging.rb:26:in `tagged'
  activesupport (4.1.6) lib/active_support/tagged_logging.rb:68:in `tagged'
  railties (4.1.6) lib/rails/rack/logger.rb:20:in `call'
  actionpack (4.1.6) lib/action_dispatch/middleware/request_id.rb:21:in `call'
  rack (1.5.2) lib/rack/methodoverride.rb:21:in `call'
  rack (1.5.2) lib/rack/runtime.rb:17:in `call'
  activesupport (4.1.6) lib/active_support/cache/strategy/local_cache_middleware.rb:26:in `call'
  rack (1.5.2) lib/rack/lock.rb:17:in `call'
  actionpack (4.1.6) lib/action_dispatch/middleware/static.rb:64:in `call'
  rack (1.5.2) lib/rack/sendfile.rb:112:in `call'
  railties (4.1.6) lib/rails/engine.rb:514:in `call'
  railties (4.1.6) lib/rails/application.rb:144:in `call'
  rack (1.5.2) lib/rack/lock.rb:17:in `call'
  rack (1.5.2) lib/rack/content_length.rb:14:in `call'
  rack (1.5.2) lib/rack/handler/webrick.rb:60:in `service'
  /usr/lib/ruby/1.9.1/webrick/httpserver.rb:138:in `service'
  /usr/lib/ruby/1.9.1/webrick/httpserver.rb:94:in `run'
  /usr/lib/ruby/1.9.1/webrick/server.rb:191:in `block in start_thread'


  Rendered /usr/lib/ruby/gems/1.9.1/gems/actionpack-4.1.6/lib/action_dispatch/middleware/templates/rescues/missing_template.html.erb within rescues/layout (0.4ms)


Started POST "/articles" for 127.0.0.1 at 2014-10-18 21:46:33 -0500
Processing by ArticlesController#create as HTML
  Parameters: {"utf8"=>"✓", "authenticity_token"=>"UfSIsNY1dIEZ4N7WDAYUsgTJTsRZFsKEkBwox4QuFTU=", "article"=>{"title"=>"Bombs away", "text"=>"Candy Bomber"}, "commit"=>"Save Article"}
  Rendered text template (0.0ms)
Completed 200 OK in 4ms (Views: 2.8ms | ActiveRecord: 0.0ms)
  [1m[36m (31.6ms)[0m  [1mCREATE TABLE "schema_migrations" ("version" varchar(255) NOT NULL) [0m
  [1m[35m (0.1ms)[0m  select sqlite_version(*)
  [1m[36m (3.9ms)[0m  [1mCREATE UNIQUE INDEX "unique_schema_migrations" ON "schema_migrations" ("version")[0m
  [1m[35mActiveRecord::SchemaMigration Load (0.1ms)[0m  SELECT "schema_migrations".* FROM "schema_migrations"
Migrating to CreateArticles (20141019024800)
  [1m[36m (0.1ms)[0m  [1mbegin transaction[0m
  [1m[35m (1.1ms)[0m  CREATE TABLE "articles" ("id" INTEGER PRIMARY KEY AUTOINCREMENT NOT NULL, "title" varchar(255), "text" text, "created_at" datetime, "updated_at" datetime) 
  [1m[36mSQL (2.0ms)[0m  [1mINSERT INTO "schema_migrations" ("version") VALUES (?)[0m  [["version", "20141019024800"]]
  [1m[35m (3.9ms)[0m  commit transaction
  [1m[36mActiveRecord::SchemaMigration Load (0.1ms)[0m  [1mSELECT "schema_migrations".* FROM "schema_migrations"[0m


Started GET "/articles/new" for 127.0.0.1 at 2014-10-18 21:55:53 -0500
  [1m[36mActiveRecord::SchemaMigration Load (0.1ms)[0m  [1mSELECT "schema_migrations".* FROM "schema_migrations"[0m
Processing by ArticlesController#new as HTML
  Rendered articles/new.html.erb within layouts/application (1.3ms)
Completed 200 OK in 63ms (Views: 62.6ms | ActiveRecord: 0.0ms)


Started GET "/assets/articles.css?body=1" for 127.0.0.1 at 2014-10-18 21:55:53 -0500


Started GET "/assets/welcome.css?body=1" for 127.0.0.1 at 2014-10-18 21:55:53 -0500


Started GET "/assets/application.css?body=1" for 127.0.0.1 at 2014-10-18 21:55:54 -0500


Started GET "/assets/jquery.js?body=1" for 127.0.0.1 at 2014-10-18 21:55:54 -0500


Started GET "/assets/jquery_ujs.js?body=1" for 127.0.0.1 at 2014-10-18 21:55:54 -0500


Started GET "/assets/turbolinks.js?body=1" for 127.0.0.1 at 2014-10-18 21:55:54 -0500


Started GET "/assets/articles.js?body=1" for 127.0.0.1 at 2014-10-18 21:55:54 -0500


Started GET "/assets/application.js?body=1" for 127.0.0.1 at 2014-10-18 21:55:54 -0500


Started GET "/assets/welcome.js?body=1" for 127.0.0.1 at 2014-10-18 21:55:54 -0500


Started POST "/articles" for 127.0.0.1 at 2014-10-18 21:56:01 -0500
Processing by ArticlesController#create as HTML
  Parameters: {"utf8"=>"✓", "authenticity_token"=>"UfSIsNY1dIEZ4N7WDAYUsgTJTsRZFsKEkBwox4QuFTU=", "article"=>{"title"=>"Bombs away", "text"=>"Candy Bomber"}, "commit"=>"Save Article"}
Completed 500 Internal Server Error in 10ms

ActiveModel::ForbiddenAttributesError (ActiveModel::ForbiddenAttributesError):
  app/controllers/articles_controller.rb:7:in `create'


  Rendered /usr/lib/ruby/gems/1.9.1/gems/actionpack-4.1.6/lib/action_dispatch/middleware/templates/rescues/_source.erb (0.7ms)
  Rendered /usr/lib/ruby/gems/1.9.1/gems/actionpack-4.1.6/lib/action_dispatch/middleware/templates/rescues/_trace.html.erb (1.3ms)
  Rendered /usr/lib/ruby/gems/1.9.1/gems/actionpack-4.1.6/lib/action_dispatch/middleware/templates/rescues/_request_and_response.html.erb (1.1ms)
  Rendered /usr/lib/ruby/gems/1.9.1/gems/actionpack-4.1.6/lib/action_dispatch/middleware/templates/rescues/diagnostics.erb within rescues/layout (24.8ms)


Started POST "/articles" for 127.0.0.1 at 2014-10-18 21:57:40 -0500
Processing by ArticlesController#create as HTML
  Parameters: {"utf8"=>"✓", "authenticity_token"=>"UfSIsNY1dIEZ4N7WDAYUsgTJTsRZFsKEkBwox4QuFTU=", "article"=>{"title"=>"Bombs away", "text"=>"Candy Bomber"}, "commit"=>"Save Article"}
  [1m[35m (0.1ms)[0m  begin transaction
  [1m[36mSQL (1.7ms)[0m  [1mINSERT INTO "articles" ("created_at", "text", "title", "updated_at") VALUES (?, ?, ?, ?)[0m  [["created_at", "2014-10-19 02:57:40.655182"], ["text", "Candy Bomber"], ["title", "Bombs away"], ["updated_at", "2014-10-19 02:57:40.655182"]]
  [1m[35m (2.9ms)[0m  commit transaction
Redirected to http://localhost:3000/articles/1
Completed 302 Found in 27ms (ActiveRecord: 5.2ms)


Started GET "/articles/1" for 127.0.0.1 at 2014-10-18 21:57:40 -0500

AbstractController::ActionNotFound (The action 'show' could not be found for ArticlesController):
  actionpack (4.1.6) lib/abstract_controller/base.rb:131:in `process'
  actionview (4.1.6) lib/action_view/rendering.rb:30:in `process'
  actionpack (4.1.6) lib/action_controller/metal.rb:196:in `dispatch'
  actionpack (4.1.6) lib/action_controller/metal/rack_delegation.rb:13:in `dispatch'
  actionpack (4.1.6) lib/action_controller/metal.rb:232:in `block in action'
  actionpack (4.1.6) lib/action_dispatch/routing/route_set.rb:82:in `call'
  actionpack (4.1.6) lib/action_dispatch/routing/route_set.rb:82:in `dispatch'
  actionpack (4.1.6) lib/action_dispatch/routing/route_set.rb:50:in `call'
  actionpack (4.1.6) lib/action_dispatch/journey/router.rb:73:in `block in call'
  actionpack (4.1.6) lib/action_dispatch/journey/router.rb:59:in `each'
  actionpack (4.1.6) lib/action_dispatch/journey/router.rb:59:in `call'
  actionpack (4.1.6) lib/action_dispatch/routing/route_set.rb:678:in `call'
  rack (1.5.2) lib/rack/etag.rb:23:in `call'
  rack (1.5.2) lib/rack/conditionalget.rb:25:in `call'
  rack (1.5.2) lib/rack/head.rb:11:in `call'
  actionpack (4.1.6) lib/action_dispatch/middleware/params_parser.rb:27:in `call'
  actionpack (4.1.6) lib/action_dispatch/middleware/flash.rb:254:in `call'
  rack (1.5.2) lib/rack/session/abstract/id.rb:225:in `context'
  rack (1.5.2) lib/rack/session/abstract/id.rb:220:in `call'
  actionpack (4.1.6) lib/action_dispatch/middleware/cookies.rb:560:in `call'
  activerecord (4.1.6) lib/active_record/query_cache.rb:36:in `call'
  activerecord (4.1.6) lib/active_record/connection_adapters/abstract/connection_pool.rb:621:in `call'
  activerecord (4.1.6) lib/active_record/migration.rb:380:in `call'
  actionpack (4.1.6) lib/action_dispatch/middleware/callbacks.rb:29:in `block in call'
  activesupport (4.1.6) lib/active_support/callbacks.rb:82:in `run_callbacks'
  actionpack (4.1.6) lib/action_dispatch/middleware/callbacks.rb:27:in `call'
  actionpack (4.1.6) lib/action_dispatch/middleware/reloader.rb:73:in `call'
  actionpack (4.1.6) lib/action_dispatch/middleware/remote_ip.rb:76:in `call'
  actionpack (4.1.6) lib/action_dispatch/middleware/debug_exceptions.rb:17:in `call'
  actionpack (4.1.6) lib/action_dispatch/middleware/show_exceptions.rb:30:in `call'
  railties (4.1.6) lib/rails/rack/logger.rb:38:in `call_app'
  railties (4.1.6) lib/rails/rack/logger.rb:20:in `block in call'
  activesupport (4.1.6) lib/active_support/tagged_logging.rb:68:in `block in tagged'
  activesupport (4.1.6) lib/active_support/tagged_logging.rb:26:in `tagged'
  activesupport (4.1.6) lib/active_support/tagged_logging.rb:68:in `tagged'
  railties (4.1.6) lib/rails/rack/logger.rb:20:in `call'
  actionpack (4.1.6) lib/action_dispatch/middleware/request_id.rb:21:in `call'
  rack (1.5.2) lib/rack/methodoverride.rb:21:in `call'
  rack (1.5.2) lib/rack/runtime.rb:17:in `call'
  activesupport (4.1.6) lib/active_support/cache/strategy/local_cache_middleware.rb:26:in `call'
  rack (1.5.2) lib/rack/lock.rb:17:in `call'
  actionpack (4.1.6) lib/action_dispatch/middleware/static.rb:64:in `call'
  rack (1.5.2) lib/rack/sendfile.rb:112:in `call'
  railties (4.1.6) lib/rails/engine.rb:514:in `call'
  railties (4.1.6) lib/rails/application.rb:144:in `call'
  rack (1.5.2) lib/rack/lock.rb:17:in `call'
  rack (1.5.2) lib/rack/content_length.rb:14:in `call'
  rack (1.5.2) lib/rack/handler/webrick.rb:60:in `service'
  /usr/lib/ruby/1.9.1/webrick/httpserver.rb:138:in `service'
  /usr/lib/ruby/1.9.1/webrick/httpserver.rb:94:in `run'
  /usr/lib/ruby/1.9.1/webrick/server.rb:191:in `block in start_thread'


  Rendered /usr/lib/ruby/gems/1.9.1/gems/actionpack-4.1.6/lib/action_dispatch/middleware/templates/rescues/unknown_action.html.erb within rescues/layout (0.4ms)


Started GET "/articles/new" for 127.0.0.1 at 2014-10-18 22:00:20 -0500
Processing by ArticlesController#new as HTML
  Rendered articles/new.html.erb within layouts/application (1.2ms)
Completed 200 OK in 102ms (Views: 101.2ms | ActiveRecord: 0.0ms)


Started GET "/assets/articles.css?body=1" for 127.0.0.1 at 2014-10-18 22:00:20 -0500


Started GET "/assets/welcome.css?body=1" for 127.0.0.1 at 2014-10-18 22:00:20 -0500


Started GET "/assets/jquery.js?body=1" for 127.0.0.1 at 2014-10-18 22:00:20 -0500


Started GET "/assets/application.css?body=1" for 127.0.0.1 at 2014-10-18 22:00:20 -0500


Started GET "/assets/jquery_ujs.js?body=1" for 127.0.0.1 at 2014-10-18 22:00:20 -0500


Started GET "/assets/turbolinks.js?body=1" for 127.0.0.1 at 2014-10-18 22:00:20 -0500


Started GET "/assets/articles.js?body=1" for 127.0.0.1 at 2014-10-18 22:00:20 -0500


Started GET "/assets/welcome.js?body=1" for 127.0.0.1 at 2014-10-18 22:00:20 -0500


Started GET "/assets/application.js?body=1" for 127.0.0.1 at 2014-10-18 22:00:20 -0500


Started POST "/articles" for 127.0.0.1 at 2014-10-18 22:00:21 -0500
Processing by ArticlesController#create as HTML
  Parameters: {"utf8"=>"✓", "authenticity_token"=>"UfSIsNY1dIEZ4N7WDAYUsgTJTsRZFsKEkBwox4QuFTU=", "article"=>{"title"=>"Bombs away", "text"=>"Candy Bomber"}, "commit"=>"Save Article"}
  [1m[36m (0.1ms)[0m  [1mbegin transaction[0m
  [1m[35mSQL (2.3ms)[0m  INSERT INTO "articles" ("created_at", "text", "title", "updated_at") VALUES (?, ?, ?, ?)  [["created_at", "2014-10-19 03:00:21.906533"], ["text", "Candy Bomber"], ["title", "Bombs away"], ["updated_at", "2014-10-19 03:00:21.906533"]]
  [1m[36m (4.8ms)[0m  [1mcommit transaction[0m
Redirected to http://localhost:3000/articles/2
Completed 302 Found in 37ms (ActiveRecord: 7.7ms)


Started GET "/articles/2" for 127.0.0.1 at 2014-10-18 22:00:21 -0500
Processing by ArticlesController#show as HTML
  Parameters: {"id"=>"2"}
  [1m[35mArticle Load (0.2ms)[0m  SELECT  "articles".* FROM "articles"  WHERE "articles"."id" = ? LIMIT 1  [["id", 2]]
  Rendered articles/show.html.erb within layouts/application (0.5ms)
Completed 200 OK in 70ms (Views: 67.8ms | ActiveRecord: 0.2ms)


Started GET "/assets/articles.css?body=1" for 127.0.0.1 at 2014-10-18 22:00:22 -0500


Started GET "/assets/welcome.css?body=1" for 127.0.0.1 at 2014-10-18 22:00:22 -0500


Started GET "/assets/application.css?body=1" for 127.0.0.1 at 2014-10-18 22:00:22 -0500


Started GET "/assets/jquery_ujs.js?body=1" for 127.0.0.1 at 2014-10-18 22:00:22 -0500


Started GET "/assets/jquery.js?body=1" for 127.0.0.1 at 2014-10-18 22:00:22 -0500


Started GET "/assets/articles.js?body=1" for 127.0.0.1 at 2014-10-18 22:00:22 -0500


Started GET "/assets/turbolinks.js?body=1" for 127.0.0.1 at 2014-10-18 22:00:22 -0500


Started GET "/assets/welcome.js?body=1" for 127.0.0.1 at 2014-10-18 22:00:22 -0500


Started GET "/assets/application.js?body=1" for 127.0.0.1 at 2014-10-18 22:00:22 -0500


Started GET "/articles" for 127.0.0.1 at 2014-10-18 22:03:06 -0500
Processing by ArticlesController#index as HTML
  [1m[36mArticle Load (0.3ms)[0m  [1mSELECT "articles".* FROM "articles"[0m
  Rendered articles/index.html.erb within layouts/application (34.1ms)
Completed 200 OK in 104ms (Views: 101.7ms | ActiveRecord: 0.7ms)


Started GET "/assets/articles.css?body=1" for 127.0.0.1 at 2014-10-18 22:03:06 -0500


Started GET "/assets/welcome.css?body=1" for 127.0.0.1 at 2014-10-18 22:03:06 -0500


Started GET "/assets/application.css?body=1" for 127.0.0.1 at 2014-10-18 22:03:06 -0500


Started GET "/assets/jquery.js?body=1" for 127.0.0.1 at 2014-10-18 22:03:06 -0500


Started GET "/assets/articles.js?body=1" for 127.0.0.1 at 2014-10-18 22:03:06 -0500


Started GET "/assets/jquery_ujs.js?body=1" for 127.0.0.1 at 2014-10-18 22:03:06 -0500


Started GET "/assets/turbolinks.js?body=1" for 127.0.0.1 at 2014-10-18 22:03:06 -0500


Started GET "/assets/application.js?body=1" for 127.0.0.1 at 2014-10-18 22:03:06 -0500


Started GET "/assets/welcome.js?body=1" for 127.0.0.1 at 2014-10-18 22:03:06 -0500


Started GET "/articles" for 127.0.0.1 at 2014-10-18 22:04:23 -0500
Processing by ArticlesController#index as HTML
  [1m[35mArticle Load (0.3ms)[0m  SELECT "articles".* FROM "articles"
  Rendered articles/index.html.erb within layouts/application (9.9ms)
Completed 200 OK in 137ms (Views: 135.9ms | ActiveRecord: 0.3ms)


Started GET "/assets/articles.css?body=1" for 127.0.0.1 at 2014-10-18 22:04:23 -0500


Started GET "/assets/welcome.css?body=1" for 127.0.0.1 at 2014-10-18 22:04:23 -0500


Started GET "/assets/application.css?body=1" for 127.0.0.1 at 2014-10-18 22:04:23 -0500


Started GET "/assets/jquery.js?body=1" for 127.0.0.1 at 2014-10-18 22:04:23 -0500


Started GET "/assets/turbolinks.js?body=1" for 127.0.0.1 at 2014-10-18 22:04:23 -0500


Started GET "/assets/jquery_ujs.js?body=1" for 127.0.0.1 at 2014-10-18 22:04:23 -0500


Started GET "/assets/articles.js?body=1" for 127.0.0.1 at 2014-10-18 22:04:23 -0500


Started GET "/assets/welcome.js?body=1" for 127.0.0.1 at 2014-10-18 22:04:23 -0500


Started GET "/assets/application.js?body=1" for 127.0.0.1 at 2014-10-18 22:04:23 -0500


Started GET "/articles/new" for 127.0.0.1 at 2014-10-18 22:04:28 -0500
Processing by ArticlesController#new as HTML
  Rendered articles/new.html.erb within layouts/application (2.9ms)
Completed 200 OK in 123ms (Views: 121.5ms | ActiveRecord: 0.0ms)


Started GET "/assets/articles.css?body=1" for 127.0.0.1 at 2014-10-18 22:04:28 -0500


Started GET "/assets/welcome.css?body=1" for 127.0.0.1 at 2014-10-18 22:04:28 -0500


Started GET "/assets/application.css?body=1" for 127.0.0.1 at 2014-10-18 22:04:28 -0500


Started GET "/assets/turbolinks.js?body=1" for 127.0.0.1 at 2014-10-18 22:04:28 -0500


Started GET "/assets/jquery_ujs.js?body=1" for 127.0.0.1 at 2014-10-18 22:04:28 -0500


Started GET "/assets/jquery.js?body=1" for 127.0.0.1 at 2014-10-18 22:04:28 -0500


Started GET "/assets/articles.js?body=1" for 127.0.0.1 at 2014-10-18 22:04:28 -0500


Started GET "/assets/welcome.js?body=1" for 127.0.0.1 at 2014-10-18 22:04:28 -0500


Started GET "/assets/application.js?body=1" for 127.0.0.1 at 2014-10-18 22:04:28 -0500


Started POST "/articles" for 127.0.0.1 at 2014-10-18 22:04:35 -0500
Processing by ArticlesController#create as HTML
  Parameters: {"utf8"=>"✓", "authenticity_token"=>"UfSIsNY1dIEZ4N7WDAYUsgTJTsRZFsKEkBwox4QuFTU=", "article"=>{"title"=>"Whitney", "text"=>"IS SEXY"}, "commit"=>"Save Article"}
  [1m[36m (5.1ms)[0m  [1mbegin transaction[0m
  [1m[35mSQL (1.6ms)[0m  INSERT INTO "articles" ("created_at", "text", "title", "updated_at") VALUES (?, ?, ?, ?)  [["created_at", "2014-10-19 03:04:36.011834"], ["text", "IS SEXY"], ["title", "Whitney"], ["updated_at", "2014-10-19 03:04:36.011834"]]
  [1m[36m (11.1ms)[0m  [1mcommit transaction[0m
Redirected to http://localhost:3000/articles/3
Completed 302 Found in 23ms (ActiveRecord: 17.9ms)


Started GET "/articles/3" for 127.0.0.1 at 2014-10-18 22:04:36 -0500
Processing by ArticlesController#show as HTML
  Parameters: {"id"=>"3"}
  [1m[35mArticle Load (0.2ms)[0m  SELECT  "articles".* FROM "articles"  WHERE "articles"."id" = ? LIMIT 1  [["id", 3]]
  Rendered articles/show.html.erb within layouts/application (0.1ms)
Completed 200 OK in 61ms (Views: 58.9ms | ActiveRecord: 0.2ms)


Started GET "/assets/articles.css?body=1" for 127.0.0.1 at 2014-10-18 22:04:36 -0500


Started GET "/assets/welcome.css?body=1" for 127.0.0.1 at 2014-10-18 22:04:36 -0500


Started GET "/assets/application.css?body=1" for 127.0.0.1 at 2014-10-18 22:04:36 -0500


Started GET "/assets/jquery_ujs.js?body=1" for 127.0.0.1 at 2014-10-18 22:04:36 -0500


Started GET "/assets/turbolinks.js?body=1" for 127.0.0.1 at 2014-10-18 22:04:36 -0500


Started GET "/assets/articles.js?body=1" for 127.0.0.1 at 2014-10-18 22:04:36 -0500


Started GET "/assets/jquery.js?body=1" for 127.0.0.1 at 2014-10-18 22:04:36 -0500


Started GET "/assets/application.js?body=1" for 127.0.0.1 at 2014-10-18 22:04:36 -0500


Started GET "/assets/welcome.js?body=1" for 127.0.0.1 at 2014-10-18 22:04:36 -0500


Started GET "/articles/" for 127.0.0.1 at 2014-10-18 22:04:40 -0500
Processing by ArticlesController#index as HTML
  [1m[36mArticle Load (0.2ms)[0m  [1mSELECT "articles".* FROM "articles"[0m
  Rendered articles/index.html.erb within layouts/application (6.6ms)
Completed 200 OK in 103ms (Views: 102.0ms | ActiveRecord: 0.2ms)


Started GET "/assets/articles.css?body=1" for 127.0.0.1 at 2014-10-18 22:04:40 -0500


Started GET "/assets/welcome.css?body=1" for 127.0.0.1 at 2014-10-18 22:04:40 -0500


Started GET "/assets/jquery.js?body=1" for 127.0.0.1 at 2014-10-18 22:04:40 -0500


Started GET "/assets/jquery_ujs.js?body=1" for 127.0.0.1 at 2014-10-18 22:04:40 -0500


Started GET "/assets/application.css?body=1" for 127.0.0.1 at 2014-10-18 22:04:40 -0500


Started GET "/assets/articles.js?body=1" for 127.0.0.1 at 2014-10-18 22:04:40 -0500


Started GET "/assets/turbolinks.js?body=1" for 127.0.0.1 at 2014-10-18 22:04:40 -0500


Started GET "/assets/welcome.js?body=1" for 127.0.0.1 at 2014-10-18 22:04:40 -0500


Started GET "/assets/application.js?body=1" for 127.0.0.1 at 2014-10-18 22:04:40 -0500


Started GET "/articles/new" for 127.0.0.1 at 2014-10-18 22:16:05 -0500
Processing by ArticlesController#new as HTML
  Rendered articles/new.html.erb within layouts/application (0.8ms)
Completed 500 Internal Server Error in 6ms

SyntaxError (/home/eraser/website/doug/app/views/articles/new.html.erb:5: syntax error, unexpected ')', expecting keyword_then or ';' or '\n'
...end=( if @article.errors.any? );@output_buffer.safe_append='
...                               ^
/home/eraser/website/doug/app/views/articles/new.html.erb:14: syntax error, unexpected keyword_end, expecting ')'
'.freeze;   end 
               ^
/home/eraser/website/doug/app/views/articles/new.html.erb:30: syntax error, unexpected keyword_end, expecting ')'
'.freeze; end 
             ^
/home/eraser/website/doug/app/views/articles/new.html.erb:33: syntax error, unexpected keyword_ensure, expecting ')'
/home/eraser/website/doug/app/views/articles/new.html.erb:35: syntax error, unexpected keyword_end, expecting ')'):
  app/views/articles/new.html.erb:5: syntax error, unexpected ')', expecting keyword_then or ';' or '\n'
  app/views/articles/new.html.erb:14: syntax error, unexpected keyword_end, expecting ')'
  app/views/articles/new.html.erb:30: syntax error, unexpected keyword_end, expecting ')'
  app/views/articles/new.html.erb:33: syntax error, unexpected keyword_ensure, expecting ')'
  app/views/articles/new.html.erb:35: syntax error, unexpected keyword_end, expecting ')'


  Rendered /usr/lib/ruby/gems/1.9.1/gems/actionpack-4.1.6/lib/action_dispatch/middleware/templates/rescues/_source.erb (4.1ms)
  Rendered /usr/lib/ruby/gems/1.9.1/gems/actionpack-4.1.6/lib/action_dispatch/middleware/templates/rescues/_trace.html.erb (1.4ms)
  Rendered /usr/lib/ruby/gems/1.9.1/gems/actionpack-4.1.6/lib/action_dispatch/middleware/templates/rescues/_request_and_response.html.erb (1.0ms)
  Rendered /usr/lib/ruby/gems/1.9.1/gems/actionpack-4.1.6/lib/action_dispatch/middleware/templates/rescues/diagnostics.erb within rescues/layout (25.0ms)


Started GET "/articles/new" for 127.0.0.1 at 2014-10-18 22:16:21 -0500
Processing by ArticlesController#new as HTML
  Rendered articles/new.html.erb within layouts/application (2.6ms)
Completed 500 Internal Server Error in 5ms

SyntaxError (/home/eraser/website/doug/app/views/articles/new.html.erb:5: syntax error, unexpected ')', expecting keyword_then or ';' or '\n'
...end=( if @article.errors.any? );@output_buffer.safe_append='
...                               ^
/home/eraser/website/doug/app/views/articles/new.html.erb:14: syntax error, unexpected keyword_end, expecting ')'
'.freeze;   end 
               ^
/home/eraser/website/doug/app/views/articles/new.html.erb:30: syntax error, unexpected keyword_end, expecting ')'
'.freeze; end 
             ^
/home/eraser/website/doug/app/views/articles/new.html.erb:33: syntax error, unexpected keyword_ensure, expecting ')'
/home/eraser/website/doug/app/views/articles/new.html.erb:35: syntax error, unexpected keyword_end, expecting ')'):
  app/views/articles/new.html.erb:5: syntax error, unexpected ')', expecting keyword_then or ';' or '\n'
  app/views/articles/new.html.erb:14: syntax error, unexpected keyword_end, expecting ')'
  app/views/articles/new.html.erb:30: syntax error, unexpected keyword_end, expecting ')'
  app/views/articles/new.html.erb:33: syntax error, unexpected keyword_ensure, expecting ')'
  app/views/articles/new.html.erb:35: syntax error, unexpected keyword_end, expecting ')'


  Rendered /usr/lib/ruby/gems/1.9.1/gems/actionpack-4.1.6/lib/action_dispatch/middleware/templates/rescues/_source.erb (0.7ms)
  Rendered /usr/lib/ruby/gems/1.9.1/gems/actionpack-4.1.6/lib/action_dispatch/middleware/templates/rescues/_trace.html.erb (1.5ms)
  Rendered /usr/lib/ruby/gems/1.9.1/gems/actionpack-4.1.6/lib/action_dispatch/middleware/templates/rescues/_request_and_response.html.erb (0.9ms)
  Rendered /usr/lib/ruby/gems/1.9.1/gems/actionpack-4.1.6/lib/action_dispatch/middleware/templates/rescues/diagnostics.erb within rescues/layout (37.5ms)


Started GET "/articles/new" for 127.0.0.1 at 2014-10-18 22:19:06 -0500
Processing by ArticlesController#new as HTML
  Rendered articles/new.html.erb within layouts/application (27.4ms)
Completed 200 OK in 113ms (Views: 111.7ms | ActiveRecord: 0.0ms)


Started GET "/assets/articles.css?body=1" for 127.0.0.1 at 2014-10-18 22:19:06 -0500


Started GET "/assets/application.css?body=1" for 127.0.0.1 at 2014-10-18 22:19:06 -0500


Started GET "/assets/welcome.css?body=1" for 127.0.0.1 at 2014-10-18 22:19:06 -0500


Started GET "/assets/turbolinks.js?body=1" for 127.0.0.1 at 2014-10-18 22:19:06 -0500


Started GET "/assets/jquery.js?body=1" for 127.0.0.1 at 2014-10-18 22:19:06 -0500


Started GET "/assets/articles.js?body=1" for 127.0.0.1 at 2014-10-18 22:19:06 -0500


Started GET "/assets/jquery_ujs.js?body=1" for 127.0.0.1 at 2014-10-18 22:19:06 -0500


Started GET "/assets/welcome.js?body=1" for 127.0.0.1 at 2014-10-18 22:19:06 -0500


Started GET "/assets/application.js?body=1" for 127.0.0.1 at 2014-10-18 22:19:06 -0500


Started POST "/articles" for 127.0.0.1 at 2014-10-18 22:19:15 -0500
Processing by ArticlesController#create as HTML
  Parameters: {"utf8"=>"✓", "authenticity_token"=>"UfSIsNY1dIEZ4N7WDAYUsgTJTsRZFsKEkBwox4QuFTU=", "article"=>{"title"=>"Whitney", "text"=>"Sex Goddess"}, "commit"=>"Save Article"}
  [1m[35m (0.2ms)[0m  begin transaction
  [1m[36mSQL (3.7ms)[0m  [1mINSERT INTO "articles" ("created_at", "text", "title", "updated_at") VALUES (?, ?, ?, ?)[0m  [["created_at", "2014-10-19 03:19:16.014438"], ["text", "Sex Goddess"], ["title", "Whitney"], ["updated_at", "2014-10-19 03:19:16.014438"]]
  [1m[35m (11.8ms)[0m  commit transaction
Redirected to http://localhost:3000/articles/4
Completed 302 Found in 27ms (ActiveRecord: 15.6ms)


Started GET "/articles/4" for 127.0.0.1 at 2014-10-18 22:19:16 -0500
Processing by ArticlesController#show as HTML
  Parameters: {"id"=>"4"}
  [1m[36mArticle Load (0.2ms)[0m  [1mSELECT  "articles".* FROM "articles"  WHERE "articles"."id" = ? LIMIT 1[0m  [["id", 4]]
  Rendered articles/show.html.erb within layouts/application (0.8ms)
Completed 200 OK in 75ms (Views: 72.5ms | ActiveRecord: 0.2ms)


Started GET "/assets/articles.css?body=1" for 127.0.0.1 at 2014-10-18 22:19:16 -0500


Started GET "/assets/welcome.css?body=1" for 127.0.0.1 at 2014-10-18 22:19:16 -0500


Started GET "/assets/application.css?body=1" for 127.0.0.1 at 2014-10-18 22:19:16 -0500


Started GET "/assets/jquery_ujs.js?body=1" for 127.0.0.1 at 2014-10-18 22:19:16 -0500


Started GET "/assets/turbolinks.js?body=1" for 127.0.0.1 at 2014-10-18 22:19:16 -0500


Started GET "/assets/articles.js?body=1" for 127.0.0.1 at 2014-10-18 22:19:16 -0500


Started GET "/assets/jquery.js?body=1" for 127.0.0.1 at 2014-10-18 22:19:16 -0500


Started GET "/assets/welcome.js?body=1" for 127.0.0.1 at 2014-10-18 22:19:16 -0500


Started GET "/assets/application.js?body=1" for 127.0.0.1 at 2014-10-18 22:19:16 -0500


Started GET "/articles" for 127.0.0.1 at 2014-10-18 22:19:20 -0500
Processing by ArticlesController#index as HTML
  [1m[35mArticle Load (0.2ms)[0m  SELECT "articles".* FROM "articles"
  Rendered articles/index.html.erb within layouts/application (3.2ms)
Completed 200 OK in 98ms (Views: 97.0ms | ActiveRecord: 0.2ms)


Started GET "/articles/new" for 127.0.0.1 at 2014-10-18 22:19:25 -0500
Processing by ArticlesController#new as HTML
  Rendered articles/new.html.erb within layouts/application (2.8ms)
Completed 200 OK in 64ms (Views: 62.8ms | ActiveRecord: 0.0ms)


Started POST "/articles" for 127.0.0.1 at 2014-10-18 22:19:31 -0500
Processing by ArticlesController#create as HTML
  Parameters: {"utf8"=>"✓", "authenticity_token"=>"UfSIsNY1dIEZ4N7WDAYUsgTJTsRZFsKEkBwox4QuFTU=", "article"=>{"title"=>"Bob", "text"=>"WRONG!"}, "commit"=>"Save Article"}
  [1m[36m (0.1ms)[0m  [1mbegin transaction[0m
  [1m[35m (0.1ms)[0m  rollback transaction
  Rendered articles/new.html.erb within layouts/application (7.7ms)
Completed 200 OK in 97ms (Views: 90.7ms | ActiveRecord: 0.2ms)


Started GET "/assets/articles.css?body=1" for 127.0.0.1 at 2014-10-18 22:19:31 -0500


Started GET "/assets/welcome.css?body=1" for 127.0.0.1 at 2014-10-18 22:19:31 -0500


Started GET "/assets/jquery.js?body=1" for 127.0.0.1 at 2014-10-18 22:19:31 -0500


Started GET "/assets/application.css?body=1" for 127.0.0.1 at 2014-10-18 22:19:31 -0500


Started GET "/assets/jquery_ujs.js?body=1" for 127.0.0.1 at 2014-10-18 22:19:31 -0500


Started GET "/assets/articles.js?body=1" for 127.0.0.1 at 2014-10-18 22:19:31 -0500


Started GET "/assets/turbolinks.js?body=1" for 127.0.0.1 at 2014-10-18 22:19:32 -0500


Started GET "/assets/welcome.js?body=1" for 127.0.0.1 at 2014-10-18 22:19:32 -0500


Started GET "/assets/application.js?body=1" for 127.0.0.1 at 2014-10-18 22:19:32 -0500


Started POST "/articles" for 127.0.0.1 at 2014-10-18 22:20:00 -0500
Processing by ArticlesController#create as HTML
  Parameters: {"utf8"=>"✓", "authenticity_token"=>"UfSIsNY1dIEZ4N7WDAYUsgTJTsRZFsKEkBwox4QuFTU=", "article"=>{"title"=>"Bob", "text"=>"WRONG!"}, "commit"=>"Save Article"}
  [1m[36m (0.1ms)[0m  [1mbegin transaction[0m
  [1m[35m (0.1ms)[0m  rollback transaction
  Rendered articles/new.html.erb within layouts/application (33.1ms)
Completed 200 OK in 190ms (Views: 179.3ms | ActiveRecord: 0.2ms)


Started GET "/assets/articles.css?body=1" for 127.0.0.1 at 2014-10-18 22:20:01 -0500


Started GET "/assets/welcome.css?body=1" for 127.0.0.1 at 2014-10-18 22:20:01 -0500


Started GET "/assets/jquery.js?body=1" for 127.0.0.1 at 2014-10-18 22:20:01 -0500


Started GET "/assets/application.css?body=1" for 127.0.0.1 at 2014-10-18 22:20:01 -0500


Started GET "/assets/articles.js?body=1" for 127.0.0.1 at 2014-10-18 22:20:01 -0500


Started GET "/assets/turbolinks.js?body=1" for 127.0.0.1 at 2014-10-18 22:20:01 -0500


Started GET "/assets/jquery_ujs.js?body=1" for 127.0.0.1 at 2014-10-18 22:20:01 -0500


Started GET "/assets/welcome.js?body=1" for 127.0.0.1 at 2014-10-18 22:20:01 -0500


Started GET "/assets/application.js?body=1" for 127.0.0.1 at 2014-10-18 22:20:01 -0500


Started POST "/articles" for 127.0.0.1 at 2014-10-18 22:44:31 -0500
Processing by ArticlesController#create as HTML
  Parameters: {"utf8"=>"✓", "authenticity_token"=>"UfSIsNY1dIEZ4N7WDAYUsgTJTsRZFsKEkBwox4QuFTU=", "article"=>{"title"=>"", "text"=>"WRONG!"}, "commit"=>"Save Article"}
  [1m[36m (0.3ms)[0m  [1mbegin transaction[0m
  [1m[35m (0.1ms)[0m  rollback transaction
  Rendered articles/new.html.erb within layouts/application (16.5ms)
Completed 200 OK in 107ms (Views: 82.7ms | ActiveRecord: 0.4ms)


Started GET "/assets/articles.css?body=1" for 127.0.0.1 at 2014-10-18 22:44:31 -0500


Started GET "/assets/welcome.css?body=1" for 127.0.0.1 at 2014-10-18 22:44:31 -0500


Started GET "/assets/application.css?body=1" for 127.0.0.1 at 2014-10-18 22:44:31 -0500


Started GET "/assets/articles.js?body=1" for 127.0.0.1 at 2014-10-18 22:44:31 -0500


Started GET "/assets/turbolinks.js?body=1" for 127.0.0.1 at 2014-10-18 22:44:31 -0500


Started GET "/assets/jquery_ujs.js?body=1" for 127.0.0.1 at 2014-10-18 22:44:31 -0500


Started GET "/assets/jquery.js?body=1" for 127.0.0.1 at 2014-10-18 22:44:31 -0500


Started GET "/assets/application.js?body=1" for 127.0.0.1 at 2014-10-18 22:44:31 -0500


Started GET "/assets/welcome.js?body=1" for 127.0.0.1 at 2014-10-18 22:44:31 -0500
